Log file open, 06/09/22 20:55:44
LogWindows: Failed to load 'aqProf.dll' (GetLastError=126)
LogWindows: File 'aqProf.dll' does not exist
LogWindows: Failed to load 'VtuneApi.dll' (GetLastError=126)
LogWindows: File 'VtuneApi.dll' does not exist
LogWindows: Failed to load 'VtuneApi32e.dll' (GetLastError=126)
LogWindows: File 'VtuneApi32e.dll' does not exist
LogConsoleResponse: Display: Failed to find resolution value strings in scalability ini. Falling back to default.
LogConsoleResponse: Display: Failed to find resolution value strings in scalability ini. Falling back to default.
LogInit: Display: Running engine for game: Shooter
LogPlatformFile: Not using cached read wrapper
LogTaskGraph: Started task graph with 5 named threads and 35 total threads with 3 sets of task threads.
LogStats: Stats thread started at 0.600576
LogICUInternationalization: ICU TimeZone Detection - Raw Offset: +9:00, Platform Override: ''
LogInit: Display: Loading text-based GConfig....
LogPluginManager: Mounting plugin MeshPainting
LogPluginManager: Mounting plugin XGEController
LogPluginManager: Mounting plugin Paper2D
LogPluginManager: Mounting plugin LiveLink
LogPluginManager: Mounting plugin AISupport
LogPluginManager: Mounting plugin EnvironmentQueryEditor
LogPluginManager: Mounting plugin LightPropagationVolume
LogPluginManager: Mounting plugin GitSourceControl
LogPluginManager: Mounting plugin AnimationSharing
LogPluginManager: Mounting plugin KDevelopSourceCodeAccess
LogPluginManager: Mounting plugin NullSourceCodeAccess
LogPluginManager: Mounting plugin PerforceSourceControl
LogPluginManager: Mounting plugin PlasticSourceControl
LogPluginManager: Mounting plugin PixWinPlugin
LogPluginManager: Mounting plugin CLionSourceCodeAccess
LogPluginManager: Mounting plugin PluginUtils
LogPluginManager: Mounting plugin PropertyAccessNode
LogPluginManager: Mounting plugin RiderSourceCodeAccess
LogPluginManager: Mounting plugin CodeLiteSourceCodeAccess
LogPluginManager: Mounting plugin SubversionSourceControl
LogPluginManager: Mounting plugin TextureFormatOodle
LogPluginManager: Mounting plugin VisualStudioSourceCodeAccess
LogPluginManager: Mounting plugin UObjectPlugin
LogPluginManager: Mounting plugin XCodeSourceCodeAccess
LogPluginManager: Mounting plugin OodleNetwork
LogPluginManager: Mounting plugin OodleData
LogPluginManager: Mounting plugin AssetManagerEditor
LogPluginManager: Mounting plugin DatasmithContent
LogPluginManager: Mounting plugin CryptoKeys
LogPluginManager: Mounting plugin CurveEditorTools
LogPluginManager: Mounting plugin VisualStudioCodeSourceCodeAccess
LogPluginManager: Mounting plugin DataValidation
LogPluginManager: Mounting plugin FacialAnimation
LogPluginManager: Mounting plugin GeometryMode
LogPluginManager: Mounting plugin GameplayTagsEditor
LogPluginManager: Mounting plugin MacGraphicsSwitching
LogPluginManager: Mounting plugin MaterialAnalyzer
LogPluginManager: Mounting plugin VariantManagerContent
LogPluginManager: Mounting plugin PluginBrowser
LogPluginManager: Mounting plugin MobileLauncherProfileWizard
LogPluginManager: Mounting plugin SpeedTreeImporter
LogPluginManager: Mounting plugin LuminPlatformFeatures
LogPluginManager: Mounting plugin MagicLeap
LogPluginManager: Mounting plugin MagicLeapLightEstimation
LogPluginManager: Mounting plugin MagicLeapMedia
LogPluginManager: Mounting plugin MagicLeapPassableWorld
LogPluginManager: Mounting plugin MLSDK
LogPluginManager: Mounting plugin AutomationUtils
LogPluginManager: Mounting plugin BackChannel
LogPluginManager: Mounting plugin AlembicImporter
LogPluginManager: Mounting plugin Niagara
LogPluginManager: Mounting plugin ChaosCloth
LogPluginManager: Mounting plugin ChaosEditor
LogPluginManager: Mounting plugin ChaosSolverPlugin
LogPluginManager: Mounting plugin ChaosClothEditor
LogPluginManager: Mounting plugin ChaosNiagara
LogPluginManager: Mounting plugin AndroidMedia
LogPluginManager: Mounting plugin AvfMedia
LogPluginManager: Mounting plugin GeometryCache
LogPluginManager: Mounting plugin ImgMedia
LogPluginManager: Mounting plugin GeometryCollectionPlugin
LogPluginManager: Mounting plugin MediaCompositing
LogPluginManager: Mounting plugin MediaPlayerEditor
LogPluginManager: Mounting plugin WmfMedia
LogPluginManager: Mounting plugin GeometryProcessing
LogPluginManager: Mounting plugin MotoSynth
LogPluginManager: Mounting plugin OpenImageDenoise
LogPluginManager: Mounting plugin PlanarCut
LogPluginManager: Mounting plugin PlatformCrypto
LogPluginManager: Mounting plugin WebMMedia
LogPluginManager: Mounting plugin ProxyLODPlugin
LogPluginManager: Mounting plugin SkeletalReduction
LogPluginManager: Mounting plugin PythonScriptPlugin
LogPluginManager: Mounting plugin TcpMessaging
LogPluginManager: Mounting plugin ActorSequence
LogPluginManager: Mounting plugin UdpMessaging
LogPluginManager: Mounting plugin LevelSequenceEditor
LogPluginManager: Mounting plugin MatineeToLevelSequence
LogPluginManager: Mounting plugin TemplateSequence
LogPluginManager: Mounting plugin CharacterAI
LogPluginManager: Mounting plugin OnlineSubsystem
LogPluginManager: Mounting plugin OnlineSubsystemNull
LogPluginManager: Mounting plugin OnlineSubsystemUtils
LogPluginManager: Mounting plugin ActorLayerUtilities
LogPluginManager: Mounting plugin LauncherChunkInstaller
LogPluginManager: Mounting plugin AndroidDeviceProfileSelector
LogPluginManager: Mounting plugin AndroidMoviePlayer
LogPluginManager: Mounting plugin AndroidPermission
LogPluginManager: Mounting plugin AppleImageUtils
LogPluginManager: Mounting plugin AppleMoviePlayer
LogPluginManager: Mounting plugin ArchVisCharacter
LogPluginManager: Mounting plugin AudioCapture
LogPluginManager: Mounting plugin AudioSynesthesia
LogPluginManager: Mounting plugin CableComponent
LogPluginManager: Mounting plugin ChunkDownloader
LogPluginManager: Mounting plugin AssetTags
LogPluginManager: Mounting plugin CustomMeshComponent
LogPluginManager: Mounting plugin EditableMesh
LogPluginManager: Mounting plugin ExampleDeviceProfileSelector
LogPluginManager: Mounting plugin GooglePAD
LogPluginManager: Mounting plugin GoogleCloudMessaging
LogPluginManager: Mounting plugin ScreenshotTools
LogPluginManager: Mounting plugin IOSDeviceProfileSelector
LogPluginManager: Mounting plugin LinuxDeviceProfileSelector
LogPluginManager: Mounting plugin LocationServicesBPLibrary
LogPluginManager: Mounting plugin MobilePatchingUtils
LogPluginManager: Mounting plugin OpenXR
LogPluginManager: Mounting plugin OpenXREyeTracker
LogPluginManager: Mounting plugin OpenXRHandTracking
LogPluginManager: Mounting plugin PhysXVehicles
LogPluginManager: Mounting plugin PostSplashScreen
LogPluginManager: Mounting plugin Takes
LogPluginManager: Mounting plugin ProceduralMeshComponent
LogPluginManager: Mounting plugin PropertyAccessEditor
LogPluginManager: Mounting plugin RuntimePhysXCooking
LogPluginManager: Mounting plugin SignificanceManager
LogPluginManager: Mounting plugin SoundFields
LogPluginManager: Mounting plugin Synthesis
LogPluginManager: Mounting plugin WebMMoviePlayer
LogPluginManager: Mounting plugin WindowsMoviePlayer
LogPluginManager: Mounting plugin GameplayCameras
LogPluginManager: Mounting plugin CameraShakePreviewer
LogPluginManager: Mounting plugin ContentBrowserAssetDataSource
LogPluginManager: Mounting plugin ContentBrowserClassDataSource
LogPluginManager: Mounting plugin ContentBrowserFileDataSource
LogPluginManager: Mounting plugin OnlineSubsystemGooglePlay
LogPluginManager: Mounting plugin OnlineSubsystemIOS
LogPluginManager: Mounting plugin OculusVR
LogPluginManager: Mounting plugin SteamVR
LogInit: Warning: Incompatible or missing module: Shooter
Running C:/Program Files/Epic Games/UE_4.27/Engine/Binaries/DotNET/UnrealBuildTool.exe Development Win64 -Project="D:/All_Of_My_Life/github/SingleShooter/Shooter/Shooter.uproject" -TargetType=Editor -Progress -NoEngineChanges -NoHotReloadFromIDE
Using 'git status' to determine working set for adaptive non-unity build (D:\All_Of_My_Life\github\SingleShooter).
Creating makefile for ShooterEditor (no existing makefile)
@progress push 5%
Parsing headers for ShooterEditor
  Running UnrealHeaderTool "D:\All_Of_My_Life\github\SingleShooter\Shooter\Shooter.uproject" "D:\All_Of_My_Life\github\SingleShooter\Shooter\Intermediate\Build\Win64\ShooterEditor\Development\ShooterEditor.uhtmanifest" -LogCmds="loginit warning, logexit warning, logdatabase error" -Unattended -WarningsAsErrors -abslog="C:\Users\ejrrb\AppData\Local\UnrealBuildTool\Log_UHT.txt" -installed
LogInit: Display: Loading text-based GConfig....
Reflection code generated for ShooterEditor in 7.615861 seconds
@progress pop
Building ShooterEditor...
Using Visual Studio 2019 14.29.30145 toolchain (C:\Program Files (x86)\Microsoft Visual Studio\2019\Community\VC\Tools\MSVC\14.29.30133) and Windows 10.0.19041.0 SDK (C:\Program Files (x86)\Windows Kits\10).
Building 20 actions with 12 processes...
  @progress 'Compiling C++ source code...' 0%
  @progress 'Compiling C++ source code...' 5%
  [1/20] Default.rc2
  @progress 'Compiling C++ source code...' 10%
  [2/20] SharedPCH.Engine.ShadowErrors.cpp
  @progress 'Compiling C++ source code...' 15%
  [3/20] Shooter.cpp
  @progress 'Compiling C++ source code...' 20%
  [4/20] Weapon.cpp
  D:\All_Of_My_Life\github\SingleShooter\Shooter\Source\Shooter\Weapon.h(35): error C3646: 'WeaponType': unknown override specifier
  D:\All_Of_My_Life\github\SingleShooter\Shooter\Source\Shooter\Weapon.h(35): error C4430: missing type specifier - int assumed. Note: C++ does not support default-int
  D:\All_Of_My_Life\github\SingleShooter\Shooter\Source\Shooter\Weapon.h(46): error C3646: 'GetWeaponType': unknown override specifier
  D:\All_Of_My_Life\github\SingleShooter\Shooter\Source\Shooter\Weapon.h(46): error C2059: syntax error: ')'
  D:\All_Of_My_Life\github\SingleShooter\Shooter\Source\Shooter\Weapon.h(46): error C2334: unexpected token(s) preceding '{'; skipping apparent function body
  D:\All_Of_My_Life\github\SingleShooter\Shooter\Source\Shooter\Weapon.h(15): error C2039: 'WeaponType': is not a member of 'AWeapon'
  D:\All_Of_My_Life\github\SingleShooter\Shooter\Source\Shooter\Weapon.h(13): note: see declaration of 'AWeapon'
  D:\All_Of_My_Life\github\SingleShooter\Shooter\Source\Shooter\Weapon.h(15): error C2618: illegal member designator in offsetof
  D:\All_Of_My_Life\github\SingleShooter\Shooter\Source\Shooter\Weapon.h(15): note: offsetof has a builtin meaning; use /Zc:offsetof- to revert to old, non-conforming definition
  D:\All_Of_My_Life\github\SingleShooter\Shooter\Source\Shooter\Weapon.cpp(10): error C2653: 'EWeaponType': is not a class or namespace name
  D:\All_Of_My_Life\github\SingleShooter\Shooter\Source\Shooter\Weapon.cpp(10): error C2065: 'EWT_SubmachineGun': undeclared identifier
  D:\All_Of_My_Life\github\SingleShooter\Shooter\Source\Shooter\Weapon.cpp(10): error C2614: 'AWeapon': illegal member initialization: 'WeaponType' is not a base or member
  @progress 'Compiling C++ source code...' 25%
  [5/20] ShooterPlayerController.cpp
  c1xx: error C3859: Failed to create virtual memory for PCH
  c1xx: note: the system returned code 1455: ?? ?۾??? ?Ϸ??ϱ? ???? ????¡ ?????? ?ʹ? ?۽??ϴ?.
  
  
  c1xx: note: please visit https://aka.ms/pch-help for more details
  c1xx: fatal error C1076: compiler limit: internal heap limit reached
  @progress 'Compiling C++ source code...' 30%
  [6/20] ShooterAnimInstance.cpp
  c1xx: error C3859: Failed to create virtual memory for PCH
  c1xx: note: the system returned code 1455: ?? ?۾??? ?Ϸ??ϱ? ???? ????¡ ?????? ?ʹ? ?۽??ϴ?.
  
  
  c1xx: note: please visit https://aka.ms/pch-help for more details
  c1xx: fatal error C1076: compiler limit: internal heap limit reached
  @progress 'Compiling C++ source code...' 35%
  [7/20] AmmoType.gen.cpp
  c1xx: error C3859: Failed to create virtual memory for PCH
  c1xx: note: the system returned code 1455: ?? ?۾??? ?Ϸ??ϱ? ???? ????¡ ?????? ?ʹ? ?۽??ϴ?.
  
  
  c1xx: note: please visit https://aka.ms/pch-help for more details
  c1xx: fatal error C1076: compiler limit: internal heap limit reached
  @progress 'Compiling C++ source code...' 40%
  [8/20] Weapon.gen.cpp
  c1xx: error C3859: Failed to create virtual memory for PCH
  c1xx: note: the system returned code 1455: ?? ?۾??? ?Ϸ??ϱ? ???? ????¡ ?????? ?ʹ? ?۽??ϴ?.
  
  
  c1xx: note: please visit https://aka.ms/pch-help for more details
  c1xx: fatal error C1076: compiler limit: internal heap limit reached
  @progress 'Compiling C++ source code...' 45%
  [9/20] ShooterAnimInstance.gen.cpp
  @progress 'Compiling C++ source code...' 50%
  [10/20] ShooterPlayerController.gen.cpp
  @progress 'Compiling C++ source code...' 55%
  [11/20] ShooterGameModeBase.cpp
  c1xx: error C3859: Failed to create virtual memory for PCH
  c1xx: note: the system returned code 1455: ?? ?۾??? ?Ϸ??ϱ? ???? ????¡ ?????? ?ʹ? ?۽??ϴ?.
  
  
  c1xx: note: please visit https://aka.ms/pch-help for more details
  c1xx: fatal error C1076: compiler limit: internal heap limit reached
  @progress 'Compiling C++ source code...' 60%
  [12/20] Item.gen.cpp
  @progress 'Compiling C++ source code...' 65%
  [13/20] ShooterCharacter.gen.cpp
  @progress 'Compiling C++ source code...' 70%
  [14/20] ShooterGameModeBase.gen.cpp
  @progress 'Compiling C++ source code...' 75%
  [15/20] Shooter.init.gen.cpp
  @progress 'Compiling C++ source code...' 80%
  [16/20] ShooterCharacter.cpp
  D:\All_Of_My_Life\github\SingleShooter\Shooter\Source\Shooter\Weapon.h(14): error C2143: syntax error: missing ';' before '<class-head>'
  D:\All_Of_My_Life\github\SingleShooter\Shooter\Source\Shooter\Weapon.h(14): error C4430: missing type specifier - int assumed. Note: C++ does not support default-int
  D:\All_Of_My_Life\github\SingleShooter\Shooter\Source\Shooter\Weapon.h(16): error C4430: missing type specifier - int assumed. Note: C++ does not support default-int
  D:\All_Of_My_Life\github\SingleShooter\Shooter\Source\Shooter\ShooterCharacter.cpp(48): warning C5038: data member 'AShooterCharacter::AutomaticFireRate' will be initialized after data member 'AShooterCharacter::bShouldFire'
  D:\All_Of_My_Life\github\SingleShooter\Shooter\Source\Shooter\ShooterCharacter.cpp(49): warning C5038: data member 'AShooterCharacter::bShouldFire' will be initialized after data member 'AShooterCharacter::bFireButtonPressed'
  @progress 'Compiling C++ source code...' 85%
  [17/20] Item.cpp
  D:\All_Of_My_Life\github\SingleShooter\Shooter\Source\Shooter\Item.cpp(18): warning C5038: data member 'AItem::ZCurveTime' will be initialized after data member 'AItem::ItemInterpStartLocation'
LogInit: Warning: Still incompatible or missing module: Shooter
LogCore: Engine exit requested (reason: EngineExit() was called)
LogExit: Preparing to exit.
LogModuleManager: Shutting down and abandoning module DesktopPlatform (48)
LogModuleManager: Shutting down and abandoning module PythonScriptPluginPreload (46)
LogModuleManager: Shutting down and abandoning module PlatformCryptoOpenSSL (44)
LogModuleManager: Shutting down and abandoning module PlatformCryptoTypes (42)
LogModuleManager: Shutting down and abandoning module PlatformCrypto (40)
LogModuleManager: Shutting down and abandoning module OodleDataCompressionFormat (38)
LogModuleManager: Shutting down and abandoning module XGEController (36)
LogXGEController: Cannot use XGE Controller as Incredibuild is not installed on this machine.
LogXGEController: Cleaning working directory: C:/Users/ejrrb/AppData/Local/Temp/UnrealXGEWorkingDir/
LogModuleManager: Shutting down and abandoning module AnimationModifiers (34)
LogModuleManager: Shutting down and abandoning module AudioEditor (32)
LogModuleManager: Shutting down and abandoning module PropertyEditor (31)
LogModuleManager: Shutting down and abandoning module TextureCompressor (28)
LogModuleManager: Shutting down and abandoning module RenderCore (26)
LogModuleManager: Shutting down and abandoning module Landscape (24)
LogModuleManager: Shutting down and abandoning module SlateRHIRenderer (22)
LogModuleManager: Shutting down and abandoning module AnimGraphRuntime (20)
LogModuleManager: Shutting down and abandoning module Renderer (18)
LogModuleManager: Shutting down and abandoning module Engine (16)
LogModuleManager: Shutting down and abandoning module CoreUObject (14)
LogModuleManager: Shutting down and abandoning module NetworkFile (12)
LogModuleManager: Shutting down and abandoning module CookedIterativeFile (10)
LogModuleManager: Shutting down and abandoning module StreamingFile (8)
LogModuleManager: Shutting down and abandoning module SandboxFile (6)
LogModuleManager: Shutting down and abandoning module PakFile (4)
LogModuleManager: Shutting down and abandoning module RSA (3)
LogExit: Exiting.
Log file closed, 06/09/22 20:57:20
